<?xml version="1.0" encoding="UTF-8" ?>
<testsuite tests="10" failures="0" name="runStateHandler.ValidateCardNumberTest" time="0.024" errors="0" skipped="0">
  <properties>
[...]
</properties>
  <testcase classname="runStateHandler.ValidateCardNumberTest" name="validateCorrectDiscoverCardNumber" time="0.006"/>
  <testcase classname="runStateHandler.ValidateCardNumberTest" name="validateInCorrectDiscoverCardNumber" time="0"/>
  <testcase classname="runStateHandler.ValidateCardNumberTest" name="validateCorrectVisaCardNumber" time="0.002"/>
  <testcase classname="runStateHandler.ValidateCardNumberTest" name="validateCorrectCardNumber" time="0.006"/>
  <testcase classname="runStateHandler.ValidateCardNumberTest" name="validateCorrectAmexCardNumber" time="0.001"/>
  <testcase classname="runStateHandler.ValidateCardNumberTest" name="validateInCorrectCardNumber" time="0"/>
  <testcase classname="runStateHandler.ValidateCardNumberTest" name="validateCorrectMasterCardNumber" time="0"/>
  <testcase classname="runStateHandler.ValidateCardNumberTest" name="validateInCorrectVisaCardNumber" time="0.001"/>
  <testcase classname="runStateHandler.ValidateCardNumberTest" name="validateInCorrectMasterCardNumber" time="0"/>
  <testcase classname="runStateHandler.ValidateCardNumberTest" name="validateInCorrectAmexCardNumber" time="0.008"/>
</testsuite>